<?xml version="1.0" encoding="UTF-8"?>
<testsuite xmlns:xsi="http://www.w3.org/2001/XMLSchema-instance" xsi:noNamespaceSchemaLocation="https://maven.apache.org/surefire/maven-surefire-plugin/xsd/surefire-test-report-3.0.xsd" version="3.0" name="com.LawrenceAwe.artifact.UtilsTest" time="0.026" tests="10" errors="0" skipped="0" failures="0">
  <properties>
[...]
</properties>
  <testcase name="testToTitleCase_allLowercase" classname="com.LawrenceAwe.artifact.UtilsTest" time="0.002"/>
  <testcase name="testToTitleCase_singleWord" classname="com.LawrenceAwe.artifact.UtilsTest" time="0.001"/>
  <testcase name="testToTitleCase_numbersAndSymbols" classname="com.LawrenceAwe.artifact.UtilsTest" time="0.001"/>
  <testcase name="testToTitleCase_allUppercase" classname="com.LawrenceAwe.artifact.UtilsTest" time="0.001"/>
  <testcase name="testToTitleCase_emptyString" classname="com.LawrenceAwe.artifact.UtilsTest" time="0.001"/>
  <testcase name="testToTitleCase_startsWithSpace" classname="com.LawrenceAwe.artifact.UtilsTest" time="0.002"/>
  <testcase name="testToTitleCase_mixedCase" classname="com.LawrenceAwe.artifact.UtilsTest" time="0.001"/>
  <testcase name="testToTitleCase_nullInput" classname="com.LawrenceAwe.artifact.UtilsTest" time="0.004"/>
  <testcase name="testToTitleCase_basic" classname="com.LawrenceAwe.artifact.UtilsTest" time="0.001"/>
  <testcase name="testToTitleCase_onlySpaces" classname="com.LawrenceAwe.artifact.UtilsTest" time="0.001"/>
</testsuite>